0 info it worked if it ends with ok
1 verbose cli [ 'node', '/Users/syc/.nvm/v0.10.34/bin/npm', 'start' ]
2 info using npm@2.11.0
3 info using node@v0.10.34
4 verbose run-script [ 'prestart', 'start', 'poststart' ]
5 info prestart slackbot@0.0.0
6 info start slackbot@0.0.0
7 verbose unsafe-perm in lifecycle true
8 info slackbot@0.0.0 Failed to exec start script
9 verbose stack Error: slackbot@0.0.0 start: `node server.js`
9 verbose stack Exit status 8
9 verbose stack     at EventEmitter.<anonymous> (/Users/syc/.nvm/v0.10.34/lib/node_modules/npm/lib/utils/lifecycle.js:213:16)
9 verbose stack     at EventEmitter.emit (events.js:98:17)
9 verbose stack     at ChildProcess.<anonymous> (/Users/syc/.nvm/v0.10.34/lib/node_modules/npm/lib/utils/spawn.js:24:14)
9 verbose stack     at ChildProcess.emit (events.js:98:17)
9 verbose stack     at maybeClose (child_process.js:766:16)
9 verbose stack     at Process.ChildProcess._handle.onexit (child_process.js:833:5)
10 verbose pkgid slackbot@0.0.0
11 verbose cwd /Users/syc/Code/slackbot
12 error Darwin 14.4.0
13 error argv "node" "/Users/syc/.nvm/v0.10.34/bin/npm" "start"
14 error node v0.10.34
15 error npm  v2.11.0
16 error code ELIFECYCLE
17 error slackbot@0.0.0 start: `node server.js`
17 error Exit status 8
18 error Failed at the slackbot@0.0.0 start script 'node server.js'.
18 error This is most likely a problem with the slackbot package,
18 error not with npm itself.
18 error Tell the author that this fails on your system:
18 error     node server.js
18 error You can get their info via:
18 error     npm owner ls slackbot
18 error There is likely additional logging output above.
19 verbose exit [ 1, true ]
